<?xml version="1.0" encoding="UTF-8"?>
<!-- Generated by org.testng.reporters.JUnitReportReporter -->
<testsuite hostname="VISHAKHA" failures="0" tests="3" name="DDT.DataProviderEx1" time="0.035" errors="0" timestamp="2024-08-30T20:33:30 IST" skipped="0">
  <testcase classname="DDT.DataProviderEx1" name="bookTickets" time="0.024"/>
  <system-out/>
  <testcase classname="DDT.DataProviderEx1" name="bookTickets" time="0.006"/>
  <system-out/>
  <testcase classname="DDT.DataProviderEx1" name="bookTickets" time="0.005"/>
  <system-out/>
</testsuite> <!-- DDT.DataProviderEx1 -->
