<?xml version="1.0" encoding="UTF-8"?>
<!-- Generated by org.testng.reporters.JUnitReportReporter -->
<testsuite hostname="VISHAKHA" failures="0" tests="3" name="TestNG.DataProviderEx2" time="0.010" errors="0" timestamp="2024-08-31T15:53:21 IST" skipped="0">
  <testcase classname="TestNG.DataProviderEx2" name="bookTickets" time="0.006"/>
  <system-out/>
  <testcase classname="TestNG.DataProviderEx2" name="bookTickets" time="0.003"/>
  <system-out/>
  <testcase classname="TestNG.DataProviderEx2" name="bookTickets" time="0.001"/>
  <system-out/>
</testsuite> <!-- TestNG.DataProviderEx2 -->
