<?xml version="1.0" encoding="UTF-8"?>
<!-- Generated by org.testng.reporters.JUnitReportReporter -->
<testsuite hostname="VISHAKHA" failures="0" tests="3" name="DDT.Sample2" time="0.012" errors="0" timestamp="2024-08-30T17:17:00 IST" skipped="0">
  <testcase classname="DDT.Sample2" name="modifyContact" time="0.009"/>
  <system-out/>
  <testcase classname="DDT.Sample2" name="deleteContact" time="0.001"/>
  <system-out/>
  <testcase classname="DDT.Sample2" name="createContact" time="0.002"/>
  <system-out/>
</testsuite> <!-- DDT.Sample2 -->
