<?xml version="1.0" encoding="UTF-8"?>
<!-- Generated by org.testng.reporters.JUnitReportReporter -->
<testsuite hostname="VISHAKHA" failures="0" tests="6" name="DDT.Sample3" time="0.016" errors="0" timestamp="2024-08-30T17:21:18 IST" skipped="0">
  <testcase classname="DDT.Sample3" name="modifyContact" time="0.009"/>
  <system-out/>
  <testcase classname="DDT.Sample3" name="createContact" time="0.001"/>
  <system-out/>
  <testcase classname="DDT.Sample3" name="createContact" time="0.002"/>
  <system-out/>
  <testcase classname="DDT.Sample3" name="createContact" time="0.001"/>
  <system-out/>
  <testcase classname="DDT.Sample3" name="createContact" time="0.001"/>
  <system-out/>
  <testcase classname="DDT.Sample3" name="deleteContact" time="0.002"/>
  <system-out/>
</testsuite> <!-- DDT.Sample3 -->
